La génération a démarré 21/04/2018 20:36:36.
     1>Projet "C:\Users\Administrateur\Desktop\FENGJiaming-MENGQingling\Matrice\Matrice\Matrice.vcxproj" sur le nœud 2 (Build cible(s)).
     1>ClCompile:
         C:\Program Files (x86)\Microsoft Visual Studio 11.0\VC\bin\CL.exe /c /Zi /nologo /W3 /WX- /sdl /O2 /Oi /Oy- /GL /D WIN32 /D NDEBUG /D _CONSOLE /D _UNICODE /D UNICODE /Gm- /EHsc /MD /GS /Gy /fp:precise /Zc:wchar_t /Zc:forScope /Yc"stdafx.h" /Fp"Release\MyMatrice.pch" /Fo"Release\\" /Fd"Release\vc110.pdb" /Gd /TP /analyze- /errorReport:prompt stdafx.cpp
         stdafx.cpp
         C:\Program Files (x86)\Microsoft Visual Studio 11.0\VC\bin\CL.exe /c /Zi /nologo /W3 /WX- /sdl /O2 /Oi /Oy- /GL /D WIN32 /D NDEBUG /D _CONSOLE /D _UNICODE /D UNICODE /Gm- /EHsc /MD /GS /Gy /fp:precise /Zc:wchar_t /Zc:forScope /Yu"stdafx.h" /Fp"Release\MyMatrice.pch" /Fo"Release\\" /Fd"Release\vc110.pdb" /Gd /TP /analyze- /errorReport:prompt CException.cpp CFichier.cpp MyMatrice.cpp
         CException.cpp
         CFichier.cpp
     1>CFichier.cpp(90): warning C4018: '>' : incompatibilité signed/unsigned
         MyMatrice.cpp
       Link:
         C:\Program Files (x86)\Microsoft Visual Studio 11.0\VC\bin\link.exe /ERRORREPORT:PROMPT /OUT:"C:\Users\Administrateur\Desktop\FENGJiaming-MENGQingling\Matrice\Release\MyMatrice.exe" /INCREMENTAL:NO /NOLOGO kernel32.lib user32.lib gdi32.lib winspool.lib comdlg32.lib advapi32.lib shell32.lib ole32.lib oleaut32.lib uuid.lib odbc32.lib odbccp32.lib /MANIFEST /MANIFESTUAC:"level='asInvoker' uiAccess='false'" /manifest:embed /DEBUG /PDB:"C:\Users\Administrateur\Desktop\FENGJiaming-MENGQingling\Matrice\Release\MyMatrice.pdb" /SUBSYSTEM:CONSOLE /OPT:REF /OPT:ICF /LTCG /TLBID:1 /DYNAMICBASE /NXCOMPAT /IMPLIB:"C:\Users\Administrateur\Desktop\FENGJiaming-MENGQingling\Matrice\Release\MyMatrice.lib" /MACHINE:X86 /SAFESEH Release\CException.obj
         Release\CFichier.obj
         Release\MyMatrice.obj
         Release\stdafx.obj
         Génération de code en cours
         Fin de la génération du code
         Matrice.vcxproj -> C:\Users\Administrateur\Desktop\FENGJiaming-MENGQingling\Matrice\Release\MyMatrice.exe
     1>Génération du projet "C:\Users\Administrateur\Desktop\FENGJiaming-MENGQingling\Matrice\Matrice\Matrice.vcxproj" terminée (Build cible(s)).

La génération a réussi.

Temps écoulé 00:00:02.63
